
Game-1
Player cards: ['6', '4', '5']
Player score: 15
Dealer cards: ['5', '7', '7']
Dealer score: 19
Status: lost

Game-2
Player cards: ['7', '8']
Player score: 15
Dealer cards: ['6', '6', '6']
Dealer score: 18
Status: lost

Game-3
Player cards: ['Q', 'Q']
Player score: 20
Dealer cards: ['Q', 'J']
Dealer score: 20
Status: push

Game-4
Player cards: ['5', '7', 'K']
Player score: 22
Dealer cards: ['K', 'Q']
Dealer score: 20
Status: goes bust

Game-5
Player cards: ['Q', '2', '6']
Player score: 18
Dealer cards: ['9', 'J']
Dealer score: 19
Status: lost

Game-6
Player cards: ['Q', 'J']
Player score: 20
Dealer cards: ['3', '5', 'A']
Dealer score: 19
Status: wins

Game-7
Player cards: ['8', 'K']
Player score: 18
Dealer cards: ['8', '4', '4', '3']
Dealer score: 19
Status: lost

Game-8
Player cards: ['6', '2', '5']
Player score: 13
Dealer cards: ['2', '7', '2', '8']
Dealer score: 19
Status: lost

Game-9
Player cards: ['5', '7']
Player score: 12
Dealer cards: ['6', 'K', '7']
Dealer score: 23
Status: wins

Game-10
Player cards: ['3', 'A', 'K', '9']
Player score: 23
Dealer cards: ['Q', '3', '5']
Dealer score: 18
Status: goes bust

Game-11
Player cards: ['4', '2', '6', 'J']
Player score: 22
Dealer cards: ['3', '4', '5', 'K']
Dealer score: 22
Status: goes bust

Game-12
Player cards: ['A', 'K']
Player score: 21
Dealer cards: ['9', 'J']
Dealer score: 19
Status: hit Blackjack

Game-13
Player cards: ['A', '9']
Player score: 20
Dealer cards: ['7', 'A']
Dealer score: 18
Status: wins

Game-14
Player cards: ['6', 'Q', '2']
Player score: 18
Dealer cards: ['7', '8', 'A', 'K']
Dealer score: 26
Status: wins

Game-15
Player cards: ['9', 'K']
Player score: 19
Dealer cards: ['J', '4', '4']
Dealer score: 18
Status: wins

Game-1
Player cards: ['4', '9']
Player score: 13
Dealer cards: ['6', '2', 'A']
Dealer score: 19
Status: lost

Game-2
Player cards: ['7', '3', 'J']
Player score: 20
Dealer cards: ['2', '6', '9']
Dealer score: 17
Status: wins

Game-3
Player cards: ['4', '9']
Player score: 13
Dealer cards: ['6', 'J', '7']
Dealer score: 23
Status: wins

Game-4
Player cards: ['2', '4', '9', 'A', '7']
Player score: 23
Dealer cards: ['J', 'K']
Dealer score: 20
Status: goes bust

Game-5
Player cards: ['K', '3']
Player score: 13
Dealer cards: ['2', '8', '2', '3', 'J']
Dealer score: 25
Status: wins

Game-6
Player cards: ['J', '2']
Player score: 12
Dealer cards: ['6', '6', '3', 'K']
Dealer score: 25
Status: wins

Game-7
Player cards: ['5', 'K', '9']
Player score: 24
Dealer cards: ['J', '4', '5']
Dealer score: 19
Status: goes bust

Game-8
Player cards: ['Q', 'A']
Player score: 21
Dealer cards: ['3', '5', '2', '9']
Dealer score: 19
Status: hit Blackjack

Game-9
Player cards: ['8', 'Q']
Player score: 18
Dealer cards: ['4', '9', '7']
Dealer score: 20
Status: lost

Game-10
Player cards: ['6', '7']
Player score: 13
Dealer cards: ['5', '3', '5', '3', '8']
Dealer score: 24
Status: wins

Game-11
Player cards: ['3', '6', '6', '8']
Player score: 23
Dealer cards: ['8', '8', '5']
Dealer score: 21
Status: goes bust

Game-12
Player cards: ['Q', 'K']
Player score: 20
Dealer cards: ['4', '8', 'A', '5']
Dealer score: 18
Status: wins

Game-13
Player cards: ['4', '2', '2', 'Q']
Player score: 18
Dealer cards: ['3', 'J', 'Q']
Dealer score: 23
Status: wins

Game-14
Player cards: ['9', 'Q']
Player score: 19
Dealer cards: ['6', 'J', '7']
Dealer score: 23
Status: wins

Game-15
Player cards: ['6', '5', 'Q']
Player score: 21
Dealer cards: ['8', '3', 'A', 'J']
Dealer score: 22
Status: wins

Game-1
Player cards: ['Q', '2', '6']
Player score: 18
Dealer cards: ['3', 'Q', '9']
Dealer score: 22
Status: wins

Game-2
Player cards: ['4', '9']
Player score: 13
Dealer cards: ['4', 'K', 'J']
Dealer score: 24
Status: wins

Game-3
Player cards: ['9', 'J']
Player score: 19
Dealer cards: ['4', '6', 'A']
Dealer score: 21
Status: lost

Game-4
Player cards: ['J', 'J']
Player score: 20
Dealer cards: ['4', '7', '4', '2']
Dealer score: 17
Status: wins

Game-5
Player cards: ['9', '3', 'A', 'A', '9']
Player score: 23
Dealer cards: ['9', '4', 'A', '6']
Dealer score: 20
Status: goes bust

Game-6
Player cards: ['5', '4', '6']
Player score: 15
Dealer cards: ['3', '6', 'J']
Dealer score: 19
Status: lost

Game-7
Player cards: ['3', '8', 'K']
Player score: 21
Dealer cards: ['6', '8', 'Q']
Dealer score: 24
Status: wins

Game-8
Player cards: ['5', '8']
Player score: 13
Dealer cards: ['5', 'K', '6']
Dealer score: 21
Status: lost

Game-9
Player cards: ['A', 'K']
Player score: 21
Dealer cards: ['K', '4', 'A', '4']
Dealer score: 19
Status: hit Blackjack

Game-10
Player cards: ['A', '3', 'Q', 'Q']
Player score: 24
Dealer cards: ['Q', '9']
Dealer score: 19
Status: goes bust

Game-11
Player cards: ['J', '3', '2', '9']
Player score: 24
Dealer cards: ['9', '9']
Dealer score: 18
Status: goes bust

Game-12
Player cards: ['Q', '7']
Player score: 17
Dealer cards: ['7', 'A']
Dealer score: 18
Status: lost

Game-13
Player cards: ['A', '3', '7']
Player score: 21
Dealer cards: ['6', 'Q', '8']
Dealer score: 24
Status: wins

Game-14
Player cards: ['6', '5', '7']
Player score: 18
Dealer cards: ['6', 'K', '7']
Dealer score: 23
Status: wins

Game-15
Player cards: ['J', '3']
Player score: 13
Dealer cards: ['5', '8', '6']
Dealer score: 19
Status: lost

Game-1
Player cards: ['7', '5', 'K']
Player score: 22
Dealer cards: ['A', '4', 'J', 'A', '4']
Dealer score: 20
Status: goes bust

Game-2
Player cards: ['6', 'K']
Player score: 16
Dealer cards: ['2', '4', '3', 'Q']
Dealer score: 19
Status: lost

Game-3
Player cards: ['2', '6', '5']
Player score: 13
Dealer cards: ['4', 'J', '8']
Dealer score: 22
Status: wins

Game-4
Player cards: ['8', '6']
Player score: 14
Dealer cards: ['4', '3', '3', 'Q']
Dealer score: 20
Status: lost

Game-5
Player cards: ['J', '5', '6']
Player score: 21
Dealer cards: ['8', '4', '9']
Dealer score: 21
Status: push

Game-6
Player cards: ['6', '8', 'Q']
Player score: 24
Dealer cards: ['7', '5', '4', '7']
Dealer score: 23
Status: goes bust

Game-7
Player cards: ['3', '9', '8']
Player score: 20
Dealer cards: ['3', '7', '6', 'Q']
Dealer score: 26
Status: wins

Game-8
Player cards: ['J', '3']
Player score: 13
Dealer cards: ['5', '8', '3', '2']
Dealer score: 18
Status: lost

Game-9
Player cards: ['A', '7', '6', '7']
Player score: 21
Dealer cards: ['9', '9']
Dealer score: 18
Status: wins

Game-10
Player cards: ['6', 'A', '9', '8']
Player score: 24
Dealer cards: ['9', 'A']
Dealer score: 20
Status: goes bust

Game-11
Player cards: ['Q', '9']
Player score: 19
Dealer cards: ['Q', 'K']
Dealer score: 20
Status: lost

Game-12
Player cards: ['3', '5', '8']
Player score: 16
Dealer cards: ['2', '3', '8', '5']
Dealer score: 18
Status: lost

Game-13
Player cards: ['4', 'K', 'J']
Player score: 24
Dealer cards: ['9', '4', 'K']
Dealer score: 23
Status: goes bust

Game-14
Player cards: ['7', '5']
Player score: 12
Dealer cards: ['4', '3', '2', '2', 'J']
Dealer score: 21
Status: lost

Game-15
Player cards: ['8', '2', 'Q']
Player score: 20
Dealer cards: ['6', 'Q', '5']
Dealer score: 21
Status: lost

Game-1
Player cards: ['4', '9', '6']
Player score: 19
Dealer cards: ['K', 'J']
Dealer score: 20
Status: lost

Game-2
Player cards: ['7', 'K']
Player score: 17
Dealer cards: ['6', '7', '2', '4']
Dealer score: 19
Status: lost

Game-3
Player cards: ['K', '7']
Player score: 17
Dealer cards: ['A', '4', '8', 'K']
Dealer score: 23
Status: wins

Game-4
Player cards: ['A', '8']
Player score: 19
Dealer cards: ['3', 'A', 'K', 'Q']
Dealer score: 24
Status: wins

Game-5
Player cards: ['7', 'Q']
Player score: 17
Dealer cards: ['2', '7', '6', 'K']
Dealer score: 25
Status: wins

Game-6
Player cards: ['5', '8', '9']
Player score: 22
Dealer cards: ['J', 'Q']
Dealer score: 20
Status: goes bust

Game-7
Player cards: ['5', 'Q']
Player score: 15
Dealer cards: ['4', '5', 'A']
Dealer score: 20
Status: lost

Game-8
Player cards: ['K', '5']
Player score: 15
Dealer cards: ['4', '2', '2', '4', 'Q']
Dealer score: 22
Status: wins

Game-9
Player cards: ['J', '8']
Player score: 18
Dealer cards: ['8', 'J']
Dealer score: 18
Status: push

Game-10
Player cards: ['7', '5']
Player score: 12
Dealer cards: ['4', '5', 'J']
Dealer score: 19
Status: lost

Game-11
Player cards: ['4', 'Q']
Player score: 14
Dealer cards: ['2', '2', '7', '4', '3']
Dealer score: 18
Status: lost

Game-12
Player cards: ['9', '5']
Player score: 14
Dealer cards: ['2', '9', 'A', '8']
Dealer score: 20
Status: lost

Game-13
Player cards: ['J', '9']
Player score: 19
Dealer cards: ['8', 'Q']
Dealer score: 18
Status: wins

Game-14
Player cards: ['8', '8']
Player score: 16
Dealer cards: ['3', 'K', 'J']
Dealer score: 23
Status: wins

Game-15
Player cards: ['8', 'Q']
Player score: 18
Dealer cards: ['7', 'J']
Dealer score: 17
Status: wins
